★ eas-cli@19.0.8 is now available.
To upgrade, run:
npm install -g eas-cli
Proceeding with outdated version.

Resolved "production" environment for the build. Learn more: https://docs.expo.dev/eas/environment-variables/#setting-the-environment-for-your-builds
No environment variables with visibility "Plain text" and "Sensitive" found for the "production" environment on EAS.

Specified value for "android.package" in app.json is ignored because an android directory was detected in the project.
EAS Build will use the value found in the native code.
- Incrementing versionCode from 19 to 20.
√ Incremented versionCode from 19 to 20.
The build profile "production" has specified the channel "production", but the "expo-updates" package hasn't been installed. To use channels for your builds, install the "expo-updates" package by running "npx expo install expo-updates" followed by "eas update:configure".
android.versionCode field in app config is ignored when version source is set to remote, but this value will still be in the manifest available via expo-constants. It's recommended to remove this value from app config.
√ Using remote Android credentials (Expo server)
√ Using Keystore from configuration: Build Credentials Jn1DR4L6n2 (default)

Compressing project files and uploading to EAS Build. Learn more: https://expo.fyi/eas-build-archive
- Compressing project files
Your project archive is 1.2 GB. You can reduce its size and the time it takes to upload by excluding files that are unnecessary for the build process in .easignore file. Learn more: https://expo.fyi/eas-build-archive
- Uploading to EAS Build (0 / 1.2 GB)
√ Uploaded to EAS 8m 6s
- Computing project fingerprint
⌛️ Computing the project fingerprint is taking longer than expected...
⏩ To skip this step, set the environment variable: EAS_SKIP_AUTO_FINGERPRINT=1
√ Computed project fingerprint

See logs: https://expo.dev/accounts/giangvippro/projects/pickletour-app/builds/d94820fb-8f24-4d56-8544-8e389d250c54

Waiting for build to complete. You can press Ctrl+C to exit.
- Waiting for build to complete.
× Build failed
