The following packages should be updated for best compatibility with the installed expo version:
  expo@55.0.9 - expected version: ~55.0.27
  expo-application@55.0.10 - expected version: ~55.0.16
  expo-asset@55.0.10 - expected version: ~55.0.17
  expo-audio@55.0.9 - expected version: ~55.0.15
  expo-blur@55.0.10 - expected version: ~55.0.15
  expo-brightness@55.0.9 - expected version: ~55.0.14
  expo-build-properties@55.0.10 - expected version: ~55.0.15
  expo-calendar@55.0.10 - expected version: ~55.0.16
  expo-camera@55.0.11 - expected version: ~55.0.20
  expo-clipboard@55.0.9 - expected version: ~55.0.14
  expo-constants@55.0.9 - expected version: ~55.0.16
  expo-contacts@55.0.9 - expected version: ~55.0.15
  expo-crypto@55.0.10 - expected version: ~55.0.16
  expo-device@55.0.10 - expected version: ~55.0.18
  expo-file-system@55.0.12 - expected version: ~55.0.23
  expo-font@55.0.4 - expected version: ~55.0.8
  expo-glass-effect@55.0.8 - expected version: ~55.0.11
  expo-haptics@55.0.9 - expected version: ~55.0.15
  expo-image@55.0.6 - expected version: ~55.0.11
  expo-image-manipulator@55.0.11 - expected version: ~55.0.18
  expo-image-picker@55.0.14 - expected version: ~55.0.21
  expo-intent-launcher@55.0.9 - expected version: ~55.0.13
  expo-linear-gradient@55.0.9 - expected version: ~55.0.15
  expo-linking@55.0.9 - expected version: ~55.0.16
  expo-local-authentication@55.0.9 - expected version: ~55.0.15
  expo-location@55.1.4 - expected version: ~55.1.11
  expo-notifications@55.0.14 - expected version: ~55.0.24
  expo-print@55.0.9 - expected version: ~55.0.16
  expo-router@55.0.8 - expected version: ~55.0.16
  expo-screen-capture@55.0.9 - expected version: ~55.0.15
  expo-screen-orientation@55.0.9 - expected version: ~55.0.17
  expo-secure-store@55.0.9 - expected version: ~55.0.15
  expo-sharing@55.0.14 - expected version: ~55.0.21
  expo-speech@55.0.9 - expected version: ~55.0.15
  expo-splash-screen@55.0.13 - expected version: ~55.0.22
  expo-status-bar@55.0.4 - expected version: ~55.0.6
  expo-store-review@55.0.9 - expected version: ~55.0.15
  expo-symbols@55.0.5 - expected version: ~55.0.9
  expo-system-ui@55.0.11 - expected version: ~55.0.19
  expo-video@55.0.11 - expected version: ~55.0.18
  expo-web-browser@55.0.10 - expected version: ~55.0.17
  react-native@0.83.4 - expected version: 0.83.6
  react-native-worklets@0.7.2 - expected version: 0.7.4
  eslint-config-expo@55.0.0 - expected version: ~55.0.1
Your project may not work correctly until you install the expected versions of the packages.

<--- Last few GCs --->

[20292:00000254D96D1000]  8968537 ms: Mark-Compact 4049.6 (4140.4) -> 4039.4 (4142.9) MB, pooled: 0 MB, 1836.79 / 0.00 ms  (average mu = 0.096, current mu = 0.033) task; scavenge might not succeed
[20292:00000254D96D1000]  8971696 ms: Mark-Compact 4052.5 (4142.9) -> 4042.1 (4145.4) MB, pooled: 0 MB, 3101.67 / 0.00 ms  (average mu = 0.048, current mu = 0.018) task; scavenge might not succeed


<--- JS stacktrace --->

FATAL ERROR: Reached heap limit Allocation failed - JavaScript heap out of memory
----- Native stack trace -----

 1: 00007FF66B1A0CD7 node::SetCppgcReference+16599
 2: 00007FF66B104568 v8::base::CPU::num_virtual_address_bits+103336
 3: 00007FF66BC753B1 v8::Isolate::ReportExternalAllocationLimitReached+65
 4: 00007FF66BC61F36 v8::Function::Experimental_IsNopFunction+3302
 5: 00007FF66BABE870 v8::internal::StrongRootAllocatorBase::StrongRootAllocatorBase+33904
 6: 00007FF66BABAEFA v8::internal::StrongRootAllocatorBase::StrongRootAllocatorBase+19194
 7: 00007FF66BA8225C v8::FixedArray::Length+179276
 8: 00007FF66B07A738 DH_get0_priv_key+6088
 9: 00007FF66B078AA2 node::TriggerNodeReport+83730
10: 00007FF66B21369B uv_update_time+475
11: 00007FF66B2131E6 uv_run+886
12: 00007FF66B1E2F65 node::SpinEventLoop+405
13: 00007FF66B0A764A v8_inspector::protocol::Binary::operator=+124762
14: 00007FF66B14F700 node::Start+4800
15: 00007FF66B14E45E node::Start+30
16: 00007FF66AEBF30C AES_cbc_encrypt+158012
17: 00007FF66C9CF8CC inflateValidate+40748
18: 00007FF9B27FE957 BaseThreadInitThunk+23
19: 00007FF9B4907C1C RtlUserThreadStart+44
